<?xml version="1.0" encoding="UTF-8"?>
<!-- Generated by org.testng.reporters.JUnitReportReporter -->
<testsuite hostname="L-156070851" name="com.selenium.google.automation.GoogleSearch" tests="1" failures="0" timestamp="29 Dec 2015 18:51:51 GMT" time="0.011" errors="0">
  <testcase name="search" time="0.011" classname="com.selenium.google.automation.GoogleSearch"/>
</testsuite> <!-- com.selenium.google.automation.GoogleSearch -->
